<?xml version="1.0" encoding="UTF-8"?>
<testsuite name="ConverterHelperClassTest" tests="1" skipped="0" failures="0" errors="0" timestamp="2019-06-03T18:45:15" hostname="FirstBook.local" time="0.0">
  <properties/>
  <testcase name="checkConvertNumberMethod" classname="ConverterHelperClassTest" time="0.0"/>
  <system-out><![CDATA[]]></system-out>
  <system-err><![CDATA[]]></system-err>
</testsuite>
